Построение начато 06.04.2016 10:46:35.
     1>Проект "D:\4курс2\ЗИ\Telepathy\TelepathyGame\TelepathyGame\TelepathyGame.vcxproj" в узле 2 (целевые объекты Rebuild).
       Файл проекта содержит ToolsVersion="14.0". Возможно, этот набор инструментов неизвестен или отсутствует (в этом случае проблему можно устранить, установив подходящую версию MSBuild), либо для данной сборки определено конкретное значение ToolsVersion в параметрах политики. Проект обрабатывается как имеющий ToolsVersion="4.0". Дополнительные сведения см. по ссылке http://go.microsoft.com/fwlink/?LinkId=291333.
     1>_PrepareForClean:
         Файл "x64\Debug\TelepathyGame.lastbuildstate" удаляется.
       InitializeBuildStatus:
         Создание "x64\Debug\TelepathyGame.unsuccessfulbuild", так как было задано "AlwaysCreate".
       ClCompile:
         C:\Program Files\Microsoft Visual Studio 11.0\VC\bin\x86_amd64\CL.exe /c /Zi /nologo /W3 /WX- /sdl /Od /D _MBCS /Gm /EHsc /RTC1 /MDd /GS /fp:precise /Zc:wchar_t /Zc:forScope /Fo"x64\Debug\\" /Fd"x64\Debug\vc110.pdb" /Gd /TP /errorReport:prompt main.cpp
         main.cpp
     1>main.cpp(53): warning C4244: аргумент: преобразование "time_t" в "unsigned int", возможна потеря данных
     1>main.cpp(231): warning C4267: +=: преобразование из "size_t" в "int"; возможна потеря данных
     1>main.cpp(64): warning C4101: recvbuf: неиспользованная локальная переменная
       Link:
         C:\Program Files\Microsoft Visual Studio 11.0\VC\bin\x86_amd64\link.exe /ERRORREPORT:PROMPT /OUT:"D:\4курс2\ЗИ\Telepathy\TelepathyGame\x64\Debug\TelepathyGame.exe" /INCREMENTAL /NOLOGO kernel32.lib user32.lib gdi32.lib winspool.lib comdlg32.lib advapi32.lib shell32.lib ole32.lib oleaut32.lib uuid.lib odbc32.lib odbccp32.lib /MANIFEST /MANIFESTUAC:"level='asInvoker' uiAccess='false'" /manifest:embed /PDB:"D:\4курс2\ЗИ\Telepathy\TelepathyGame\x64\Debug\TelepathyGame.pdb" /TLBID:1 /DYNAMICBASE /NXCOMPAT /IMPLIB:"D:\4курс2\ЗИ\Telepathy\TelepathyGame\x64\Debug\TelepathyGame.lib" /MACHINE:X64 x64\Debug\main.obj
         TelepathyGame.vcxproj -> D:\4курс2\ЗИ\Telepathy\TelepathyGame\x64\Debug\TelepathyGame.exe
       FinalizeBuildStatus:
         Файл "x64\Debug\TelepathyGame.unsuccessfulbuild" удаляется.
         Обращение к "x64\Debug\TelepathyGame.lastbuildstate".
     1>Построение проекта "D:\4курс2\ЗИ\Telepathy\TelepathyGame\TelepathyGame\TelepathyGame.vcxproj" завершено (целевые объекты Rebuild).

Построение успешно завершено.

Затраченное время: 00:00:11.50
