D:\Лена\TELEPATHY\TELEPATHYGAME\TELEPATHYGAME\X64\DEBUG\MAIN.OBJ
D:\ЛЕНА\TELEPATHY\TELEPATHYGAME\TELEPATHYGAME\X64\DEBUG\VC110.PDB
D:\4курс2\ЗИ\TELEPATHY\TELEPATHYGAME\TELEPATHYGAME\X64\DEBUG\MAIN.OBJ
D:\4КУРС2\ЗИ\TELEPATHY\TELEPATHYGAME\TELEPATHYGAME\X64\DEBUG\VC110.PDB
D:\Лена\TELEPATHY\TELEPATHYGAME\X64\DEBUG\TELEPATHYGAME.ILK
D:\Лена\TELEPATHY\TELEPATHYGAME\X64\DEBUG\TELEPATHYGAME.EXE
D:\4курс2\ЗИ\TELEPATHY\TELEPATHYGAME\X64\DEBUG\TELEPATHYGAME.ILK
D:\4курс2\ЗИ\TELEPATHY\TELEPATHYGAME\X64\DEBUG\TELEPATHYGAME.EXE
D:\4курс2\ЗИ\Telepathy\TelepathyGame\TelepathyGame\x64\Debug\main.obj
D:\4курс2\ЗИ\Telepathy\TelepathyGame\TelepathyGame\x64\Debug\cl.command.1.tlog
D:\4курс2\ЗИ\Telepathy\TelepathyGame\TelepathyGame\x64\Debug\CL.read.1.tlog
D:\4курс2\ЗИ\Telepathy\TelepathyGame\TelepathyGame\x64\Debug\CL.write.1.tlog
D:\4курс2\ЗИ\Telepathy\TelepathyGame\TelepathyGame\x64\Debug\link-cvtres.read.1.tlog
D:\4курс2\ЗИ\Telepathy\TelepathyGame\TelepathyGame\x64\Debug\link-cvtres.write.1.tlog
D:\4курс2\ЗИ\Telepathy\TelepathyGame\TelepathyGame\x64\Debug\link-rc.read.1.tlog
D:\4курс2\ЗИ\Telepathy\TelepathyGame\TelepathyGame\x64\Debug\link-rc.write.1.tlog
D:\4курс2\ЗИ\Telepathy\TelepathyGame\TelepathyGame\x64\Debug\link.command.1.tlog
D:\4курс2\ЗИ\Telepathy\TelepathyGame\TelepathyGame\x64\Debug\link.read.1.tlog
D:\4курс2\ЗИ\Telepathy\TelepathyGame\TelepathyGame\x64\Debug\link.write.1.tlog
D:\4курс2\ЗИ\Telepathy\TelepathyGame\TelepathyGame\x64\Debug\vc110.idb
D:\4курс2\ЗИ\Telepathy\TelepathyGame\TelepathyGame\x64\Debug\vc110.pdb
D:\4курс2\ЗИ\Telepathy\TelepathyGame\x64\Debug\TelepathyGame.exe
D:\4курс2\ЗИ\Telepathy\TelepathyGame\x64\Debug\TelepathyGame.ilk
